[2025-06-14T07:23:30.010+0000] {local_task_job_runner.py:120} INFO - ::group::Pre task execution logs
[2025-06-14T07:23:30.041+0000] {taskinstance.py:2076} INFO - Dependencies all met for dep_context=non-requeueable deps ti=<TaskInstance: lp_yolov8_pipeline.run_dvc_pull scheduled__2025-06-13T15:00:00+00:00 [queued]>
[2025-06-14T07:23:30.050+0000] {taskinstance.py:2076} INFO - Dependencies all met for dep_context=requeueable deps ti=<TaskInstance: lp_yolov8_pipeline.run_dvc_pull scheduled__2025-06-13T15:00:00+00:00 [queued]>
[2025-06-14T07:23:30.051+0000] {taskinstance.py:2306} INFO - Starting attempt 2 of 2
[2025-06-14T07:23:30.064+0000] {taskinstance.py:2330} INFO - Executing <Task(PythonOperator): run_dvc_pull> on 2025-06-13 15:00:00+00:00
[2025-06-14T07:23:30.082+0000] {standard_task_runner.py:63} INFO - Started process 210 to run task
[2025-06-14T07:23:30.101+0000] {standard_task_runner.py:90} INFO - Running: ['***', 'tasks', 'run', 'lp_yolov8_pipeline', 'run_dvc_pull', 'scheduled__2025-06-13T15:00:00+00:00', '--job-id', '48', '--raw', '--subdir', 'DAGS_FOLDER/main.py', '--cfg-path', '/tmp/tmp2b685883']
[2025-06-14T07:23:30.107+0000] {standard_task_runner.py:91} INFO - Job 48: Subtask run_dvc_pull
[2025-06-14T07:23:30.302+0000] {task_command.py:426} INFO - Running <TaskInstance: lp_yolov8_pipeline.run_dvc_pull scheduled__2025-06-13T15:00:00+00:00 [running]> on host 62fa818faa21
[2025-06-14T07:23:30.578+0000] {taskinstance.py:2648} INFO - Exporting env vars: AIRFLOW_CTX_DAG_OWNER='***' AIRFLOW_CTX_DAG_ID='lp_yolov8_pipeline' AIRFLOW_CTX_TASK_ID='run_dvc_pull' AIRFLOW_CTX_EXECUTION_DATE='2025-06-13T15:00:00+00:00' AIRFLOW_CTX_TRY_NUMBER='2' AIRFLOW_CTX_DAG_RUN_ID='scheduled__2025-06-13T15:00:00+00:00'
[2025-06-14T07:23:30.580+0000] {taskinstance.py:430} INFO - ::endgroup::
[2025-06-14T07:23:30.580+0000] {logging_mixin.py:188} INFO - project root: /opt/***
[2025-06-14T07:23:30.581+0000] {logging_mixin.py:188} INFO - original_dir:  /opt/***
[2025-06-14T07:23:30.581+0000] {logging_mixin.py:188} INFO - Current working directory: /opt/***/app
[2025-06-14T07:23:35.440+0000] {logging_mixin.py:188} INFO - DVC pull successful, dataset directory exists
[2025-06-14T07:23:35.441+0000] {logging_mixin.py:188} INFO - Restored working directory: /opt/***
[2025-06-14T07:23:35.442+0000] {python.py:237} INFO - Done. Returned value was: None
[2025-06-14T07:23:35.443+0000] {taskinstance.py:441} INFO - ::group::Post task execution logs
[2025-06-14T07:23:35.454+0000] {taskinstance.py:1206} INFO - Marking task as SUCCESS. dag_id=lp_yolov8_pipeline, task_id=run_dvc_pull, run_id=scheduled__2025-06-13T15:00:00+00:00, execution_date=20250613T150000, start_date=20250614T072330, end_date=20250614T072335
[2025-06-14T07:23:35.505+0000] {local_task_job_runner.py:240} INFO - Task exited with return code 0
[2025-06-14T07:23:35.532+0000] {taskinstance.py:3503} INFO - 1 downstream tasks scheduled from follow-on schedule check
[2025-06-14T07:23:35.535+0000] {local_task_job_runner.py:222} INFO - ::endgroup::
