[2025-06-14T08:12:35.335+0000] {local_task_job_runner.py:120} INFO - ::group::Pre task execution logs
[2025-06-14T08:12:35.360+0000] {taskinstance.py:2076} INFO - Dependencies all met for dep_context=non-requeueable deps ti=<TaskInstance: lp_yolov8_pipeline.run_dvc_pull scheduled__2025-06-14T07:30:00+00:00 [queued]>
[2025-06-14T08:12:35.368+0000] {taskinstance.py:2076} INFO - Dependencies all met for dep_context=requeueable deps ti=<TaskInstance: lp_yolov8_pipeline.run_dvc_pull scheduled__2025-06-14T07:30:00+00:00 [queued]>
[2025-06-14T08:12:35.369+0000] {taskinstance.py:2306} INFO - Starting attempt 1 of 2
[2025-06-14T08:12:35.450+0000] {taskinstance.py:2330} INFO - Executing <Task(PythonOperator): run_dvc_pull> on 2025-06-14 07:30:00+00:00
[2025-06-14T08:12:35.492+0000] {standard_task_runner.py:63} INFO - Started process 1153 to run task
[2025-06-14T08:12:35.518+0000] {standard_task_runner.py:90} INFO - Running: ['***', 'tasks', 'run', 'lp_yolov8_pipeline', 'run_dvc_pull', 'scheduled__2025-06-14T07:30:00+00:00', '--job-id', '56', '--raw', '--subdir', 'DAGS_FOLDER/main.py', '--cfg-path', '/tmp/tmp5_wjqwxz']
[2025-06-14T08:12:35.707+0000] {standard_task_runner.py:91} INFO - Job 56: Subtask run_dvc_pull
[2025-06-14T08:12:36.261+0000] {task_command.py:426} INFO - Running <TaskInstance: lp_yolov8_pipeline.run_dvc_pull scheduled__2025-06-14T07:30:00+00:00 [running]> on host 62fa818faa21
[2025-06-14T08:12:36.616+0000] {taskinstance.py:2648} INFO - Exporting env vars: AIRFLOW_CTX_DAG_OWNER='***' AIRFLOW_CTX_DAG_ID='lp_yolov8_pipeline' AIRFLOW_CTX_TASK_ID='run_dvc_pull' AIRFLOW_CTX_EXECUTION_DATE='2025-06-14T07:30:00+00:00' AIRFLOW_CTX_TRY_NUMBER='1' AIRFLOW_CTX_DAG_RUN_ID='scheduled__2025-06-14T07:30:00+00:00'
[2025-06-14T08:12:36.617+0000] {taskinstance.py:430} INFO - ::endgroup::
[2025-06-14T08:12:36.618+0000] {logging_mixin.py:188} INFO - project root: /opt/***
[2025-06-14T08:12:36.618+0000] {logging_mixin.py:188} INFO - original_dir:  /opt/***
[2025-06-14T08:12:36.619+0000] {logging_mixin.py:188} INFO - Current working directory: /opt/***/app
[2025-06-14T08:13:21.407+0000] {logging_mixin.py:188} INFO - DVC pull successful, dataset directory exists
[2025-06-14T08:13:21.411+0000] {logging_mixin.py:188} INFO - Restored working directory: /opt/***
[2025-06-14T08:13:21.412+0000] {python.py:237} INFO - Done. Returned value was: None
[2025-06-14T08:13:21.434+0000] {taskinstance.py:441} INFO - ::group::Post task execution logs
[2025-06-14T08:13:21.569+0000] {taskinstance.py:1206} INFO - Marking task as SUCCESS. dag_id=lp_yolov8_pipeline, task_id=run_dvc_pull, run_id=scheduled__2025-06-14T07:30:00+00:00, execution_date=20250614T073000, start_date=20250614T081235, end_date=20250614T081321
[2025-06-14T08:13:21.810+0000] {local_task_job_runner.py:240} INFO - Task exited with return code 0
[2025-06-14T08:13:21.875+0000] {taskinstance.py:3503} INFO - 1 downstream tasks scheduled from follow-on schedule check
[2025-06-14T08:13:22.010+0000] {local_task_job_runner.py:222} INFO - ::endgroup::
