[2025-06-14T10:00:23.873+0000] {local_task_job_runner.py:120} INFO - ::group::Pre task execution logs
[2025-06-14T10:00:23.987+0000] {taskinstance.py:2076} INFO - Dependencies all met for dep_context=non-requeueable deps ti=<TaskInstance: lp_yolov8_pipeline.run_dvc_pull scheduled__2025-06-14T09:30:00+00:00 [queued]>
[2025-06-14T10:00:24.000+0000] {taskinstance.py:2076} INFO - Dependencies all met for dep_context=requeueable deps ti=<TaskInstance: lp_yolov8_pipeline.run_dvc_pull scheduled__2025-06-14T09:30:00+00:00 [queued]>
[2025-06-14T10:00:24.001+0000] {taskinstance.py:2306} INFO - Starting attempt 1 of 2
[2025-06-14T10:00:24.060+0000] {taskinstance.py:2330} INFO - Executing <Task(PythonOperator): run_dvc_pull> on 2025-06-14 09:30:00+00:00
[2025-06-14T10:00:24.098+0000] {standard_task_runner.py:63} INFO - Started process 239 to run task
[2025-06-14T10:00:24.193+0000] {standard_task_runner.py:90} INFO - Running: ['***', 'tasks', 'run', 'lp_yolov8_pipeline', 'run_dvc_pull', 'scheduled__2025-06-14T09:30:00+00:00', '--job-id', '65', '--raw', '--subdir', 'DAGS_FOLDER/main.py', '--cfg-path', '/tmp/tmp08_ohuy0']
[2025-06-14T10:00:24.240+0000] {standard_task_runner.py:91} INFO - Job 65: Subtask run_dvc_pull
[2025-06-14T10:00:26.119+0000] {task_command.py:426} INFO - Running <TaskInstance: lp_yolov8_pipeline.run_dvc_pull scheduled__2025-06-14T09:30:00+00:00 [running]> on host 693466fafeae
[2025-06-14T10:00:26.733+0000] {taskinstance.py:2648} INFO - Exporting env vars: AIRFLOW_CTX_DAG_OWNER='***' AIRFLOW_CTX_DAG_ID='lp_yolov8_pipeline' AIRFLOW_CTX_TASK_ID='run_dvc_pull' AIRFLOW_CTX_EXECUTION_DATE='2025-06-14T09:30:00+00:00' AIRFLOW_CTX_TRY_NUMBER='1' AIRFLOW_CTX_DAG_RUN_ID='scheduled__2025-06-14T09:30:00+00:00'
[2025-06-14T10:00:26.754+0000] {taskinstance.py:430} INFO - ::endgroup::
[2025-06-14T10:00:26.756+0000] {logging_mixin.py:188} INFO - project root: /opt/***
[2025-06-14T10:00:26.757+0000] {logging_mixin.py:188} INFO - original_dir:  /opt/***
[2025-06-14T10:00:26.758+0000] {logging_mixin.py:188} INFO - Current working directory: /opt/***/app
[2025-06-14T10:01:55.507+0000] {logging_mixin.py:188} INFO - DVC pull successful, dataset directory exists
[2025-06-14T10:01:55.516+0000] {logging_mixin.py:188} INFO - Restored working directory: /opt/***
[2025-06-14T10:01:55.520+0000] {python.py:237} INFO - Done. Returned value was: None
[2025-06-14T10:01:55.531+0000] {taskinstance.py:441} INFO - ::group::Post task execution logs
[2025-06-14T10:01:55.578+0000] {taskinstance.py:1206} INFO - Marking task as SUCCESS. dag_id=lp_yolov8_pipeline, task_id=run_dvc_pull, run_id=scheduled__2025-06-14T09:30:00+00:00, execution_date=20250614T093000, start_date=20250614T100023, end_date=20250614T100155
[2025-06-14T10:01:55.676+0000] {local_task_job_runner.py:240} INFO - Task exited with return code 0
[2025-06-14T10:01:55.752+0000] {taskinstance.py:3503} INFO - 1 downstream tasks scheduled from follow-on schedule check
[2025-06-14T10:01:55.754+0000] {local_task_job_runner.py:222} INFO - ::endgroup::
