[2025-06-14T08:31:10.565+0000] {local_task_job_runner.py:120} INFO - ::group::Pre task execution logs
[2025-06-14T08:31:10.608+0000] {taskinstance.py:2076} INFO - Dependencies all met for dep_context=non-requeueable deps ti=<TaskInstance: lp_yolov8_pipeline.run_dvc_pull scheduled__2025-06-14T08:00:00+00:00 [queued]>
[2025-06-14T08:31:10.621+0000] {taskinstance.py:2076} INFO - Dependencies all met for dep_context=requeueable deps ti=<TaskInstance: lp_yolov8_pipeline.run_dvc_pull scheduled__2025-06-14T08:00:00+00:00 [queued]>
[2025-06-14T08:31:10.621+0000] {taskinstance.py:2306} INFO - Starting attempt 1 of 2
[2025-06-14T08:31:10.642+0000] {taskinstance.py:2330} INFO - Executing <Task(PythonOperator): run_dvc_pull> on 2025-06-14 08:00:00+00:00
[2025-06-14T08:31:10.681+0000] {standard_task_runner.py:90} INFO - Running: ['***', 'tasks', 'run', 'lp_yolov8_pipeline', 'run_dvc_pull', 'scheduled__2025-06-14T08:00:00+00:00', '--job-id', '60', '--raw', '--subdir', 'DAGS_FOLDER/main.py', '--cfg-path', '/tmp/tmpmswhy9fj']
[2025-06-14T08:31:10.697+0000] {standard_task_runner.py:91} INFO - Job 60: Subtask run_dvc_pull
[2025-06-14T08:31:10.668+0000] {standard_task_runner.py:63} INFO - Started process 1510 to run task
[2025-06-14T08:31:11.282+0000] {task_command.py:426} INFO - Running <TaskInstance: lp_yolov8_pipeline.run_dvc_pull scheduled__2025-06-14T08:00:00+00:00 [running]> on host 62fa818faa21
[2025-06-14T08:31:12.498+0000] {taskinstance.py:2648} INFO - Exporting env vars: AIRFLOW_CTX_DAG_OWNER='***' AIRFLOW_CTX_DAG_ID='lp_yolov8_pipeline' AIRFLOW_CTX_TASK_ID='run_dvc_pull' AIRFLOW_CTX_EXECUTION_DATE='2025-06-14T08:00:00+00:00' AIRFLOW_CTX_TRY_NUMBER='1' AIRFLOW_CTX_DAG_RUN_ID='scheduled__2025-06-14T08:00:00+00:00'
[2025-06-14T08:31:12.559+0000] {taskinstance.py:430} INFO - ::endgroup::
[2025-06-14T08:31:12.560+0000] {logging_mixin.py:188} INFO - project root: /opt/***
[2025-06-14T08:31:12.561+0000] {logging_mixin.py:188} INFO - original_dir:  /opt/***
[2025-06-14T08:31:12.561+0000] {logging_mixin.py:188} INFO - Current working directory: /opt/***/app
[2025-06-14T08:31:28.270+0000] {logging_mixin.py:188} INFO - DVC pull successful, dataset directory exists
[2025-06-14T08:31:28.271+0000] {logging_mixin.py:188} INFO - Restored working directory: /opt/***
[2025-06-14T08:31:28.271+0000] {python.py:237} INFO - Done. Returned value was: None
[2025-06-14T08:31:28.272+0000] {taskinstance.py:441} INFO - ::group::Post task execution logs
[2025-06-14T08:31:28.308+0000] {taskinstance.py:1206} INFO - Marking task as SUCCESS. dag_id=lp_yolov8_pipeline, task_id=run_dvc_pull, run_id=scheduled__2025-06-14T08:00:00+00:00, execution_date=20250614T080000, start_date=20250614T083110, end_date=20250614T083128
[2025-06-14T08:31:28.669+0000] {local_task_job_runner.py:240} INFO - Task exited with return code 0
[2025-06-14T08:31:28.804+0000] {taskinstance.py:3503} INFO - 1 downstream tasks scheduled from follow-on schedule check
[2025-06-14T08:31:28.971+0000] {local_task_job_runner.py:222} INFO - ::endgroup::
